[debug] [2024-11-17T19:35:27.791Z] ----------------------------------------------------------------------
[debug] [2024-11-17T19:35:27.793Z] Command:       C:\Program Files\nodejs\node.exe C:\Users\nield\AppData\Roaming\npm\node_modules\firebase-tools\lib\bin\firebase.js init hosting
[debug] [2024-11-17T19:35:27.794Z] CLI Version:   13.25.0
[debug] [2024-11-17T19:35:27.794Z] Platform:      win32
[debug] [2024-11-17T19:35:27.794Z] Node Version:  v20.11.0
[debug] [2024-11-17T19:35:27.794Z] Time:          Mon Nov 18 2024 03:35:27 GMT+0800 (Philippine Standard Time)
[debug] [2024-11-17T19:35:27.794Z] ----------------------------------------------------------------------
[debug] 
[debug] [2024-11-17T19:35:27.799Z] > command requires scopes: ["email","openid","https://www.googleapis.com/auth/cloudplatformprojects.readonly","https://www.googleapis.com/auth/firebase","https://www.googleapis.com/auth/cloud-platform"]
[debug] [2024-11-17T19:35:27.799Z] > authorizing via signed-in user (nieldavis15@gmail.com)
[info] 
     ######## #### ########  ######## ########     ###     ######  ########
     ##        ##  ##     ## ##       ##     ##  ##   ##  ##       ##
     ######    ##  ########  ######   ########  #########  ######  ######
     ##        ##  ##    ##  ##       ##     ## ##     ##       ## ##
     ##       #### ##     ## ######## ########  ##     ##  ######  ########

You're about to initialize a Firebase project in this directory:

  C:\Users\nield\PROJECTS\mern\GATED

[info] 
=== Project Setup
[info] 
[info] First, let's associate this project directory with a Firebase project.
[info] You can create multiple project aliases by running firebase use --add, 
[info] but for now we'll just set up a default project.
[info] 
[info] i  If you want to create a project in a Google Cloud organization or folder, please use "firebase projects:create" instead, and return to this command when you've created the project. 
[debug] [2024-11-17T19:36:05.238Z] Checked if tokens are valid: false, expires at: 1731860705679
[debug] [2024-11-17T19:36:05.238Z] Checked if tokens are valid: false, expires at: 1731860705679
[debug] [2024-11-17T19:36:05.238Z] > refreshing access token with scopes: []
[debug] [2024-11-17T19:36:05.240Z] >>> [apiv2][query] POST https://www.googleapis.com/oauth2/v3/token [none]
[debug] [2024-11-17T19:36:05.240Z] >>> [apiv2][body] POST https://www.googleapis.com/oauth2/v3/token [omitted]
[debug] [2024-11-17T19:36:05.505Z] <<< [apiv2][status] POST https://www.googleapis.com/oauth2/v3/token 200
[debug] [2024-11-17T19:36:05.505Z] <<< [apiv2][body] POST https://www.googleapis.com/oauth2/v3/token [omitted]
[debug] [2024-11-17T19:36:05.521Z] >>> [apiv2][query] POST https://cloudresourcemanager.googleapis.com/v1/projects [none]
[debug] [2024-11-17T19:36:05.521Z] >>> [apiv2][body] POST https://cloudresourcemanager.googleapis.com/v1/projects {"projectId":"GATED","name":"GATED"}
[debug] [2024-11-17T19:36:06.569Z] <<< [apiv2][status] POST https://cloudresourcemanager.googleapis.com/v1/projects 400
[debug] [2024-11-17T19:36:06.569Z] <<< [apiv2][body] POST https://cloudresourcemanager.googleapis.com/v1/projects {"error":{"code":400,"message":"Request contains an invalid argument.","status":"INVALID_ARGUMENT","details":[{"@type":"type.googleapis.com/google.rpc.BadRequest","fieldViolations":[{"field":"project_id","description":"project_id must be at least 6 characters long"},{"field":"project_id","description":"project_id contains invalid characters"}]},{"@type":"type.googleapis.com/google.rpc.Help","links":[{"url":"https://cloud.google.com/resource-manager/reference/rest/v1/projects"}]}]}}
[debug] [2024-11-17T19:36:06.939Z] FirebaseError: Request to https://cloudresourcemanager.googleapis.com/v1/projects had HTTP Error: 400, Request contains an invalid argument.
    at responseToError (C:\Users\nield\AppData\Roaming\npm\node_modules\firebase-tools\lib\responseToError.js:52:12)
    at RetryOperation._fn (C:\Users\nield\AppData\Roaming\npm\node_modules\firebase-tools\lib\apiv2.js:312:77)
    at process.processTicksAndRejections (node:internal/process/task_queues:95:5)
[error] 
[error] Error: Failed to create project. See firebase-debug.log for more info.
[debug] [2024-11-17T19:36:16.192Z] ----------------------------------------------------------------------
[debug] [2024-11-17T19:36:16.194Z] Command:       C:\Program Files\nodejs\node.exe C:\Users\nield\AppData\Roaming\npm\node_modules\firebase-tools\lib\bin\firebase.js init hosting
[debug] [2024-11-17T19:36:16.194Z] CLI Version:   13.25.0
[debug] [2024-11-17T19:36:16.194Z] Platform:      win32
[debug] [2024-11-17T19:36:16.194Z] Node Version:  v20.11.0
[debug] [2024-11-17T19:36:16.194Z] Time:          Mon Nov 18 2024 03:36:16 GMT+0800 (Philippine Standard Time)
[debug] [2024-11-17T19:36:16.195Z] ----------------------------------------------------------------------
[debug] 
[debug] [2024-11-17T19:36:16.199Z] > command requires scopes: ["email","openid","https://www.googleapis.com/auth/cloudplatformprojects.readonly","https://www.googleapis.com/auth/firebase","https://www.googleapis.com/auth/cloud-platform"]
[debug] [2024-11-17T19:36:16.200Z] > authorizing via signed-in user (nieldavis15@gmail.com)
[info] 
     ######## #### ########  ######## ########     ###     ######  ########
     ##        ##  ##     ## ##       ##     ##  ##   ##  ##       ##
     ######    ##  ########  ######   ########  #########  ######  ######
     ##        ##  ##    ##  ##       ##     ## ##     ##       ## ##
     ##       #### ##     ## ######## ########  ##     ##  ######  ########

You're about to initialize a Firebase project in this directory:

  C:\Users\nield\PROJECTS\mern\GATED

[info] 
=== Project Setup
[info] 
[info] First, let's associate this project directory with a Firebase project.
[info] You can create multiple project aliases by running firebase use --add, 
[info] but for now we'll just set up a default project.
[info] 
[debug] [2024-11-17T19:36:20.251Z] Checked if tokens are valid: true, expires at: 1731875764505
[debug] [2024-11-17T19:36:20.251Z] Checked if tokens are valid: true, expires at: 1731875764505
[debug] [2024-11-17T19:36:20.257Z] >>> [apiv2][query] GET https://firebase.googleapis.com/v1beta1/projects pageSize=100
[debug] [2024-11-17T19:36:21.107Z] <<< [apiv2][status] GET https://firebase.googleapis.com/v1beta1/projects 200
[debug] [2024-11-17T19:36:21.108Z] <<< [apiv2][body] GET https://firebase.googleapis.com/v1beta1/projects [omitted]
[debug] [2024-11-17T19:36:45.162Z] ----------------------------------------------------------------------
[debug] [2024-11-17T19:36:45.164Z] Command:       C:\Program Files\nodejs\node.exe C:\Users\nield\AppData\Roaming\npm\node_modules\firebase-tools\lib\bin\firebase.js init hosting
[debug] [2024-11-17T19:36:45.164Z] CLI Version:   13.25.0
[debug] [2024-11-17T19:36:45.164Z] Platform:      win32
[debug] [2024-11-17T19:36:45.164Z] Node Version:  v20.11.0
[debug] [2024-11-17T19:36:45.165Z] Time:          Mon Nov 18 2024 03:36:45 GMT+0800 (Philippine Standard Time)
[debug] [2024-11-17T19:36:45.165Z] ----------------------------------------------------------------------
[debug] 
[debug] [2024-11-17T19:36:45.169Z] > command requires scopes: ["email","openid","https://www.googleapis.com/auth/cloudplatformprojects.readonly","https://www.googleapis.com/auth/firebase","https://www.googleapis.com/auth/cloud-platform"]
[debug] [2024-11-17T19:36:45.170Z] > authorizing via signed-in user (nieldavis15@gmail.com)
[info] 
     ######## #### ########  ######## ########     ###     ######  ########
     ##        ##  ##     ## ##       ##     ##  ##   ##  ##       ##
     ######    ##  ########  ######   ########  #########  ######  ######
     ##        ##  ##    ##  ##       ##     ## ##     ##       ## ##
     ##       #### ##     ## ######## ########  ##     ##  ######  ########

You're about to initialize a Firebase project in this directory:

  C:\Users\nield\PROJECTS\mern\GATED

[info] 
=== Project Setup
[info] 
[info] First, let's associate this project directory with a Firebase project.
[info] You can create multiple project aliases by running firebase use --add, 
[info] but for now we'll just set up a default project.
[info] 
